# JRE version: OpenJDK Runtime Environment Temurin-21.0.9+10 (21.0.9+10) (build 21.0.9+10-LTS)
# Java VM: OpenJDK 64-Bit Server VM Temurin-21.0.9+10 (21.0.9+10-LTS, mixed mode, sharing, tiered, compressed oops, compressed class ptrs, parallel gc, windows-amd64)
GC Precious Log:
 CardTable entry size: 512
 CPUs: 12 total, 12 available
 Memory: 16163M
 Large Page Support: Disabled
 NUMA Support: Disabled
 Compressed Oops: Enabled (32-bit)
 Alignments: Space 512K, Generation 512K, Heap 2M
 Heap Min Capacity: 100M
 Heap Initial Capacity: 100M
 Heap Max Capacity: 2G
 Pre-touch: Disabled
 Parallel Workers: 10
Heap:
 PSYoungGen      total 7680K, used 5728K [0x00000000d5580000, 0x00000000d5f80000, 0x0000000100000000)
  eden space 7168K, 77% used [0x00000000d5580000,0x00000000d5ae8308,0x00000000d5c80000)
  from space 512K, 37% used [0x00000000d5f00000,0x00000000d5f30000,0x00000000d5f80000)
  to   space 512K, 0% used [0x00000000d5e80000,0x00000000d5e80000,0x00000000d5f00000)
 ParOldGen       total 881664K, used 878653K [0x0000000080000000, 0x00000000b5d00000, 0x00000000d5580000)
  object space 881664K, 99% used [0x0000000080000000,0x00000000b5a0f488,0x00000000b5d00000)
 Metaspace       used 101966K, committed 104064K, reserved 1179648K
  class space    used 10364K, committed 11392K, reserved 1048576K
GC Heap History (20 events):
Event: 3109.174 GC heap before
{Heap before GC invocations=4948 (full 11):
 PSYoungGen      total 8192K, used 7962K [0x00000000d5580000, 0x00000000d5f00000, 0x0000000100000000)
  eden space 7168K, 100% used [0x00000000d5580000,0x00000000d5c80000,0x00000000d5c80000)
  from space 1024K, 77% used [0x00000000d5e00000,0x00000000d5ec6900,0x00000000d5f00000)
  to   space 1024K, 0% used [0x00000000d5d00000,0x00000000d5d00000,0x00000000d5e00000)
 ParOldGen       total 751616K, used 751539K [0x0000000080000000, 0x00000000ade00000, 0x00000000d5580000)
  object space 751616K, 99% used [0x0000000080000000,0x00000000addecda8,0x00000000ade00000)
 Metaspace       used 101879K, committed 104000K, reserved 1179648K
  class space    used 10362K, committed 11392K, reserved 1048576K
}
Event: 3109.179 GC heap after
{Heap after GC invocations=4948 (full 11):
 PSYoungGen      total 8192K, used 1012K [0x00000000d5580000, 0x00000000d6080000, 0x0000000100000000)
  eden space 7168K, 0% used [0x00000000d5580000,0x00000000d5580000,0x00000000d5c80000)
  from space 1024K, 98% used [0x00000000d5d00000,0x00000000d5dfd200,0x00000000d5e00000)
  to   space 2048K, 0% used [0x00000000d5e80000,0x00000000d5e80000,0x00000000d6080000)
 ParOldGen       total 752640K, used 752247K [0x0000000080000000, 0x00000000adf00000, 0x00000000d5580000)
  object space 752640K, 99% used [0x0000000080000000,0x00000000ade9dfb8,0x00000000adf00000)
 Metaspace       used 101879K, committed 104000K, reserved 1179648K
  class space    used 10362K, committed 11392K, reserved 1048576K
}
Event: 3109.896 GC heap before
{Heap before GC invocations=4949 (full 11):
 PSYoungGen      total 8192K, used 8180K [0x00000000d5580000, 0x00000000d6080000, 0x0000000100000000)
  eden space 7168K, 99% used [0x00000000d5580000,0x00000000d5c7fff8,0x00000000d5c80000)
  from space 1024K, 98% used [0x00000000d5d00000,0x00000000d5dfd200,0x00000000d5e00000)
  to   space 2048K, 0% used [0x00000000d5e80000,0x00000000d5e80000,0x00000000d6080000)
 ParOldGen       total 752640K, used 752247K [0x0000000080000000, 0x00000000adf00000, 0x00000000d5580000)
  object space 752640K, 99% used [0x0000000080000000,0x00000000ade9dfb8,0x00000000adf00000)
 Metaspace       used 101912K, committed 104000K, reserved 1179648K
  class space    used 10362K, committed 11392K, reserved 1048576K
}
Event: 3109.901 GC heap after
{Heap after GC invocations=4949 (full 11):
 PSYoungGen      total 8192K, used 820K [0x00000000d5580000, 0x00000000d5f80000, 0x0000000100000000)
  eden space 7168K, 0% used [0x00000000d5580000,0x00000000d5580000,0x00000000d5c80000)
  from space 1024K, 80% used [0x00000000d5e80000,0x00000000d5f4d200,0x00000000d5f80000)
  to   space 1536K, 0% used [0x00000000d5c80000,0x00000000d5c80000,0x00000000d5e00000)
 ParOldGen       total 753664K, used 753211K [0x0000000080000000, 0x00000000ae000000, 0x00000000d5580000)
  object space 753664K, 99% used [0x0000000080000000,0x00000000adf8ec98,0x00000000ae000000)
 Metaspace       used 101912K, committed 104000K, reserved 1179648K
  class space    used 10362K, committed 11392K, reserved 1048576K
}
Event: 3109.932 GC heap before
{Heap before GC invocations=4950 (full 11):
 PSYoungGen      total 8192K, used 7988K [0x00000000d5580000, 0x00000000d5f80000, 0x0000000100000000)
  eden space 7168K, 100% used [0x00000000d5580000,0x00000000d5c80000,0x00000000d5c80000)
  from space 1024K, 80% used [0x00000000d5e80000,0x00000000d5f4d200,0x00000000d5f80000)
  to   space 1536K, 0% used [0x00000000d5c80000,0x00000000d5c80000,0x00000000d5e00000)
 ParOldGen       total 753664K, used 753211K [0x0000000080000000, 0x00000000ae000000, 0x00000000d5580000)
  object space 753664K, 99% used [0x0000000080000000,0x00000000adf8ec98,0x00000000ae000000)
 Metaspace       used 101914K, committed 104000K, reserved 1179648K
  class space    used 10362K, committed 11392K, reserved 1048576K
}
Event: 3109.937 GC heap after
{Heap after GC invocations=4950 (full 11):
 PSYoungGen      total 8704K, used 1522K [0x00000000d5580000, 0x00000000d6280000, 0x0000000100000000)
  eden space 7168K, 0% used [0x00000000d5580000,0x00000000d5580000,0x00000000d5c80000)
  from space 1536K, 99% used [0x00000000d5c80000,0x00000000d5dfc8e0,0x00000000d5e00000)
  to   space 3072K, 0% used [0x00000000d5f80000,0x00000000d5f80000,0x00000000d6280000)
 ParOldGen       total 754688K, used 754231K [0x0000000080000000, 0x00000000ae100000, 0x00000000d5580000)
  object space 754688K, 99% used [0x0000000080000000,0x00000000ae08de98,0x00000000ae100000)
 Metaspace       used 101914K, committed 104000K, reserved 1179648K
  class space    used 10362K, committed 11392K, reserved 1048576K
}
Event: 3109.964 GC heap before
{Heap before GC invocations=4951 (full 11):
 PSYoungGen      total 8704K, used 8690K [0x00000000d5580000, 0x00000000d6280000, 0x0000000100000000)
  eden space 7168K, 100% used [0x00000000d5580000,0x00000000d5c80000,0x00000000d5c80000)
  from space 1536K, 99% used [0x00000000d5c80000,0x00000000d5dfc8e0,0x00000000d5e00000)
  to   space 3072K, 0% used [0x00000000d5f80000,0x00000000d5f80000,0x00000000d6280000)
 ParOldGen       total 754688K, used 754231K [0x0000000080000000, 0x00000000ae100000, 0x00000000d5580000)
  object space 754688K, 99% used [0x0000000080000000,0x00000000ae08de98,0x00000000ae100000)
 Metaspace       used 101914K, committed 104000K, reserved 1179648K
  class space    used 10362K, committed 11392K, reserved 1048576K
}
Event: 3109.968 GC heap after
{Heap after GC invocations=4951 (full 11):
 PSYoungGen      total 9216K, used 1964K [0x00000000d5580000, 0x00000000d6180000, 0x0000000100000000)
  eden space 7168K, 0% used [0x00000000d5580000,0x00000000d5580000,0x00000000d5c80000)
  from space 2048K, 95% used [0x00000000d5f80000,0x00000000d616b1e0,0x00000000d6180000)
  to   space 2560K, 0% used [0x00000000d5c80000,0x00000000d5c80000,0x00000000d5f00000)
 ParOldGen       total 754688K, used 754487K [0x0000000080000000, 0x00000000ae100000, 0x00000000d5580000)
  object space 754688K, 99% used [0x0000000080000000,0x00000000ae0cde98,0x00000000ae100000)
 Metaspace       used 101914K, committed 104000K, reserved 1179648K
  class space    used 10362K, committed 11392K, reserved 1048576K
}
Event: 3110.271 GC heap before
{Heap before GC invocations=4952 (full 11):
 PSYoungGen      total 9216K, used 9132K [0x00000000d5580000, 0x00000000d6180000, 0x0000000100000000)
  eden space 7168K, 99% used [0x00000000d5580000,0x00000000d5c7fff8,0x00000000d5c80000)
  from space 2048K, 95% used [0x00000000d5f80000,0x00000000d616b1e0,0x00000000d6180000)
  to   space 2560K, 0% used [0x00000000d5c80000,0x00000000d5c80000,0x00000000d5f00000)
 ParOldGen       total 754688K, used 754487K [0x0000000080000000, 0x00000000ae100000, 0x00000000d5580000)
  object space 754688K, 99% used [0x0000000080000000,0x00000000ae0cde98,0x00000000ae100000)
 Metaspace       used 101915K, committed 104000K, reserved 1179648K
  class space    used 10362K, committed 11392K, reserved 1048576K
}
Event: 3110.273 GC heap after
{Heap after GC invocations=4952 (full 11):
 PSYoungGen      total 9728K, used 352K [0x00000000d5580000, 0x00000000d6000000, 0x0000000100000000)
  eden space 7168K, 0% used [0x00000000d5580000,0x00000000d5580000,0x00000000d5c80000)
  from space 2560K, 13% used [0x00000000d5c80000,0x00000000d5cd8020,0x00000000d5f00000)
  to   space 1024K, 0% used [0x00000000d5f00000,0x00000000d5f00000,0x00000000d6000000)
 ParOldGen       total 754688K, used 754559K [0x0000000080000000, 0x00000000ae100000, 0x00000000d5580000)
  object space 754688K, 99% used [0x0000000080000000,0x00000000ae0dfe98,0x00000000ae100000)
 Metaspace       used 101915K, committed 104000K, reserved 1179648K
  class space    used 10362K, committed 11392K, reserved 1048576K
}
Event: 3284.066 GC heap before
{Heap before GC invocations=4953 (full 11):
 PSYoungGen      total 9728K, used 7517K [0x00000000d5580000, 0x00000000d6000000, 0x0000000100000000)
  eden space 7168K, 99% used [0x00000000d5580000,0x00000000d5c7f738,0x00000000d5c80000)
  from space 2560K, 13% used [0x00000000d5c80000,0x00000000d5cd8020,0x00000000d5f00000)
  to   space 1024K, 0% used [0x00000000d5f00000,0x00000000d5f00000,0x00000000d6000000)
 ParOldGen       total 786432K, used 785279K [0x0000000080000000, 0x00000000b0000000, 0x00000000d5580000)
  object space 786432K, 99% used [0x0000000080000000,0x00000000afedfec8,0x00000000b0000000)
 Metaspace       used 101924K, committed 104000K, reserved 1179648K
  class space    used 10363K, committed 11392K, reserved 1048576K
}
Event: 3284.069 GC heap after
{Heap after GC invocations=4953 (full 11):
 PSYoungGen      total 7680K, used 320K [0x00000000d5580000, 0x00000000d5f80000, 0x0000000100000000)
  eden space 7168K, 0% used [0x00000000d5580000,0x00000000d5580000,0x00000000d5c80000)
  from space 512K, 62% used [0x00000000d5f00000,0x00000000d5f50000,0x00000000d5f80000)
  to   space 512K, 0% used [0x00000000d5e80000,0x00000000d5e80000,0x00000000d5f00000)
 ParOldGen       total 786432K, used 786124K [0x0000000080000000, 0x00000000b0000000, 0x00000000d5580000)
  object space 786432K, 99% used [0x0000000080000000,0x00000000affb33d8,0x00000000b0000000)
 Metaspace       used 101924K, committed 104000K, reserved 1179648K
  class space    used 10363K, committed 11392K, reserved 1048576K
}
Event: 3284.143 GC heap before
{Heap before GC invocations=4954 (full 11):
 PSYoungGen      total 7680K, used 7487K [0x00000000d5580000, 0x00000000d5f80000, 0x0000000100000000)
  eden space 7168K, 99% used [0x00000000d5580000,0x00000000d5c7ffc8,0x00000000d5c80000)
  from space 512K, 62% used [0x00000000d5f00000,0x00000000d5f50000,0x00000000d5f80000)
  to   space 512K, 0% used [0x00000000d5e80000,0x00000000d5e80000,0x00000000d5f00000)
 ParOldGen       total 818176K, used 816845K [0x0000000080000000, 0x00000000b1f00000, 0x00000000d5580000)
  object space 818176K, 99% used [0x0000000080000000,0x00000000b1db3408,0x00000000b1f00000)
 Metaspace       used 101926K, committed 104000K, reserved 1179648K
  class space    used 10363K, committed 11392K, reserved 1048576K
}
Event: 3284.144 GC heap after
{Heap after GC invocations=4954 (full 11):
 PSYoungGen      total 7680K, used 320K [0x00000000d5580000, 0x00000000d5f80000, 0x0000000100000000)
  eden space 7168K, 0% used [0x00000000d5580000,0x00000000d5580000,0x00000000d5c80000)
  from space 512K, 62% used [0x00000000d5e80000,0x00000000d5ed0000,0x00000000d5f00000)
  to   space 512K, 0% used [0x00000000d5f00000,0x00000000d5f00000,0x00000000d5f80000)
 ParOldGen       total 818176K, used 816933K [0x0000000080000000, 0x00000000b1f00000, 0x00000000d5580000)
  object space 818176K, 99% used [0x0000000080000000,0x00000000b1dc9408,0x00000000b1f00000)
 Metaspace       used 101926K, committed 104000K, reserved 1179648K
  class space    used 10363K, committed 11392K, reserved 1048576K
}
Event: 3436.079 GC heap before
{Heap before GC invocations=4955 (full 11):
 PSYoungGen      total 7680K, used 7488K [0x00000000d5580000, 0x00000000d5f80000, 0x0000000100000000)
  eden space 7168K, 100% used [0x00000000d5580000,0x00000000d5c80000,0x00000000d5c80000)
  from space 512K, 62% used [0x00000000d5e80000,0x00000000d5ed0000,0x00000000d5f00000)
  to   space 512K, 0% used [0x00000000d5f00000,0x00000000d5f00000,0x00000000d5f80000)
 ParOldGen       total 881664K, used 878373K [0x0000000080000000, 0x00000000b5d00000, 0x00000000d5580000)
  object space 881664K, 99% used [0x0000000080000000,0x00000000b59c9468,0x00000000b5d00000)
 Metaspace       used 101949K, committed 104000K, reserved 1179648K
  class space    used 10364K, committed 11392K, reserved 1048576K
}
Event: 3436.082 GC heap after
{Heap after GC invocations=4955 (full 11):
 PSYoungGen      total 7680K, used 416K [0x00000000d5580000, 0x00000000d5f80000, 0x0000000100000000)
  eden space 7168K, 0% used [0x00000000d5580000,0x00000000d5580000,0x00000000d5c80000)
  from space 512K, 81% used [0x00000000d5f00000,0x00000000d5f68020,0x00000000d5f80000)
  to   space 512K, 0% used [0x00000000d5e80000,0x00000000d5e80000,0x00000000d5f00000)
 ParOldGen       total 881664K, used 878429K [0x0000000080000000, 0x00000000b5d00000, 0x00000000d5580000)
  object space 881664K, 99% used [0x0000000080000000,0x00000000b59d7468,0x00000000b5d00000)
 Metaspace       used 101949K, committed 104000K, reserved 1179648K
  class space    used 10364K, committed 11392K, reserved 1048576K
}
Event: 23601.236 GC heap before
{Heap before GC invocations=4956 (full 11):
 PSYoungGen      total 7680K, used 7583K [0x00000000d5580000, 0x00000000d5f80000, 0x0000000100000000)
  eden space 7168K, 99% used [0x00000000d5580000,0x00000000d5c7ffd8,0x00000000d5c80000)
  from space 512K, 81% used [0x00000000d5f00000,0x00000000d5f68020,0x00000000d5f80000)
  to   space 512K, 0% used [0x00000000d5e80000,0x00000000d5e80000,0x00000000d5f00000)
 ParOldGen       total 881664K, used 878429K [0x0000000080000000, 0x00000000b5d00000, 0x00000000d5580000)
  object space 881664K, 99% used [0x0000000080000000,0x00000000b59d7468,0x00000000b5d00000)
 Metaspace       used 101954K, committed 104064K, reserved 1179648K
  class space    used 10364K, committed 11392K, reserved 1048576K
}
Event: 23601.240 GC heap after
{Heap after GC invocations=4956 (full 11):
 PSYoungGen      total 7680K, used 288K [0x00000000d5580000, 0x00000000d5f80000, 0x0000000100000000)
  eden space 7168K, 0% used [0x00000000d5580000,0x00000000d5580000,0x00000000d5c80000)
  from space 512K, 56% used [0x00000000d5e80000,0x00000000d5ec8000,0x00000000d5f00000)
  to   space 512K, 0% used [0x00000000d5f00000,0x00000000d5f00000,0x00000000d5f80000)
 ParOldGen       total 881664K, used 878573K [0x0000000080000000, 0x00000000b5d00000, 0x00000000d5580000)
  object space 881664K, 99% used [0x0000000080000000,0x00000000b59fb488,0x00000000b5d00000)
 Metaspace       used 101954K, committed 104064K, reserved 1179648K
  class space    used 10364K, committed 11392K, reserved 1048576K
}
Event: 40522.823 GC heap before
{Heap before GC invocations=4957 (full 11):
 PSYoungGen      total 7680K, used 7456K [0x00000000d5580000, 0x00000000d5f80000, 0x0000000100000000)
  eden space 7168K, 100% used [0x00000000d5580000,0x00000000d5c80000,0x00000000d5c80000)
  from space 512K, 56% used [0x00000000d5e80000,0x00000000d5ec8000,0x00000000d5f00000)
  to   space 512K, 0% used [0x00000000d5f00000,0x00000000d5f00000,0x00000000d5f80000)
 ParOldGen       total 881664K, used 878573K [0x0000000080000000, 0x00000000b5d00000, 0x00000000d5580000)
  object space 881664K, 99% used [0x0000000080000000,0x00000000b59fb488,0x00000000b5d00000)
 Metaspace       used 101955K, committed 104064K, reserved 1179648K
  class space    used 10364K, committed 11392K, reserved 1048576K
}
Event: 40522.825 GC heap after
{Heap after GC invocations=4957 (full 11):
 PSYoungGen      total 7680K, used 192K [0x00000000d5580000, 0x00000000d5f80000, 0x0000000100000000)
  eden space 7168K, 0% used [0x00000000d5580000,0x00000000d5580000,0x00000000d5c80000)
  from space 512K, 37% used [0x00000000d5f00000,0x00000000d5f30000,0x00000000d5f80000)
  to   space 512K, 0% used [0x00000000d5e80000,0x00000000d5e80000,0x00000000d5f00000)
 ParOldGen       total 881664K, used 878653K [0x0000000080000000, 0x00000000b5d00000, 0x00000000d5580000)
  object space 881664K, 99% used [0x0000000080000000,0x00000000b5a0f488,0x00000000b5d00000)
 Metaspace       used 101955K, committed 104064K, reserved 1179648K
  class space    used 10364K, committed 11392K, reserved 1048576K
}

